[www.nexosperu.com.pe/index.html]
[www.nexosperu.com.pe/wp-content/uploads/2018/11/favicon.png]
[backblue.gif]
[fade.gif]
[index.html]
[www.nexosperu.com.pe/wp-content/uploads/cache/fvm/1581111602/out/header-84e60a2d.min.js]
[www.nexosperu.com.pe/wp-content/plugins/revslider/public/assets/js/jquery.themepunch.tools.min.js]
[www.nexosperu.com.pe/wp-content/uploads/cache/fvm/1581111602/out/header-090a0292.min.js]
[www.nexosperu.com.pe/wp-json/index.html]
[www.nexosperu.com.pe/wp-json/oembed/1.0/embed2943.json]
[www.nexosperu.com.pe/wp-json/oembed/1.0/embeddf5a]
[www.nexosperu.com.pe/wp-content/uploads/2019/09/2019-nosotros1f9ca.jpg]
[www.nexosperu.com.pe/wp-content/uploads/2018/11/nexos-logo.png]
[www.nexosperu.com.pe/productos.html]
[www.nexosperu.com.pe/servicios.html]
[www.nexosperu.com.pe/noticias.html]
[www.nexosperu.com.pe/blog.html]
[www.nexosperu.com.pe/wp-content/uploads/2018/11/logo-ch2.png]
[www.nexosperu.com.pe/wp-content/uploads/2019/09/banner-10.jpg]
[www.nexosperu.com.pe/wp-content/uploads/2019/09/banner8.jpg]
[www.nexosperu.com.pe/clientes/index.html]
[www.nexosperu.com.pe/wp-content/uploads/2020/04/PORTADA-MINDER-768x384.png]
[www.nexosperu.com.pe/wp-content/uploads/2020/04/Diseño-sin-título-3-768x384.png]
[www.nexosperu.com.pe/wp-content/uploads/2019/10/nexos-gestion-0-768x384.jpg]
[www.nexosperu.com.pe/nexos-peru-apoya-con-infraestructura-modular-en-contexto-de-covid-19/index.html]
[www.nexosperu.com.pe/wp-content/uploads/2019/06/dia1-mathias-768x384.jpg]
[www.nexosperu.com.pe/author/nexos/index.html]
[www.nexosperu.com.pe/noticias/index.html]
[www.nexosperu.com.pe/wp-content/uploads/2018/10/nota04-768x384.jpg]
[www.nexosperu.com.pe/wp-content/uploads/2018/12/nota02-768x384.jpg]
[www.nexosperu.com.pe/wp-content/uploads/2019/09/mac-1024x7802.png]
[www.nexosperu.com.pe/wp-content/uploads/2018/12/hpr01.jpg]
[www.nexosperu.com.pe/wp-content/uploads/2018/12/hpr02.jpg]
[www.nexosperu.com.pe/solidaridad-las-redes-que-nos-impulsan/index.html]
[www.nexosperu.com.pe/wp-content/uploads/2018/12/hpr03.jpg]
[www.nexosperu.com.pe/wp-content/uploads/2018/12/hpr04.jpg]
[www.nexosperu.com.pe/nexos-peru-supero-los-us12-millones-en-ventas-el-2018/index.html]
[www.nexosperu.com.pe/estandar-ambiental/index.html]
[www.nexosperu.com.pe/wp-content/uploads/2018/12/hpr05.jpg]
[www.nexosperu.com.pe/wp-content/uploads/2018/12/hpr06.jpg]
[www.nexosperu.com.pe/wp-content/uploads/2018/12/servicios-01.jpg]
[www.nexosperu.com.pe/wp-content/uploads/2018/11/servicios02.jpg]
[www.nexosperu.com.pe/innovador-modulo-de-vivienda-es-finalista-en-concurso-de-history-channel/index.html]
[www.nexosperu.com.pe/wp-content/uploads/2018/11/servicios03.jpg]
[www.nexosperu.com.pe/wp-content/uploads/2018/11/servicios01.jpg]
[www.nexosperu.com.pe/compania-que-cuenta-con-el-respaldo-de-mas-de-diez-anos-de-labor-en-el-sector-a-traves-de-la-colocacion-de-numerosos-refugios/index.html]
[www.nexosperu.com.pe/wp-content/uploads/2019/04/cliente-cosapi.jpg]
[www.nexosperu.com.pe/wp-content/uploads/2019/04/cliente-exterran.jpg]
[www.nexosperu.com.pe/wp-content/uploads/2018/12/cl01.jpg]
[www.nexosperu.com.pe/wp-content/uploads/2018/12/cl02.jpg]
[www.nexosperu.com.pe/wp-content/uploads/2018/12/cl03.jpg]
[www.nexosperu.com.pe/wp-content/uploads/2018/12/cl04.jpg]
[www.nexosperu.com.pe/wp-content/uploads/2018/12/cl06.jpg]
[www.nexosperu.com.pe/wp-content/uploads/2018/12/cl05.jpg]
[www.nexosperu.com.pe/wp-content/uploads/2018/12/cl07.jpg]
[www.nexosperu.com.pe/wp-content/uploads/2018/12/cl08.jpg]
[www.nexosperu.com.pe/wp-content/uploads/2018/12/cl09.jpg]
[www.nexosperu.com.pe/wp-content/uploads/2018/12/cl11.jpg]
[www.nexosperu.com.pe/wp-content/uploads/2018/12/cl10.jpg]
[www.nexosperu.com.pe/wp-content/uploads/2018/12/logo-bureau-veritas3.png]
[connect.facebook.net/en_US/sdk.js]
[www.nexosperu.com.pe/wp-content/uploads/cache/fvm/1581111602/out/footer-24bb2ee9.min.js]
[www.google.com/recaptcha/apif969.js]
[www.nexosperu.com.pe/wp-content/uploads/cache/fvm/1581111602/out/footer-2b777838.min.js]
[www.nexosperu.com.pe/index.html]
[www.nexosperu.com.pe/wp-content/plugins/contact-form-7/images/ajax-loader.gif]
[www.nexosperu.com.pe/wp-content/themes/riwa/fonts/fontawesome-webfont.eot]
[www.nexosperu.com.pe/wp-content/themes/riwa/fonts/MuseoSans-300.eot]
[www.nexosperu.com.pe/wp-content/uploads/cache/fvm/1581111602/out/header-b1e87211.min.css]
[www.googletagmanager.com/gtm5445.html]
[www.nexosperu.com.pe/productos/index.html]
[www.nexosperu.com.pe/wp-json/oembed/1.0/embed5268.json]
[www.nexosperu.com.pe/wp-json/oembed/1.0/embed033d]
[www.nexosperu.com.pe/wp-content/uploads/2018/12/fondo-formula33ff4.jpg]
[www.nexosperu.com.pe/wp-content/uploads/2018/12/fondo-nosotros.jpg]
[www.nexosperu.com.pe/wp-content/uploads/2018/12/pr01.jpg]
[www.nexosperu.com.pe/wp-content/uploads/2018/12/pr02.jpg]
[www.nexosperu.com.pe/wp-content/uploads/2018/12/pr03.jpg]
[www.nexosperu.com.pe/wp-content/uploads/2018/12/plr05.jpg]
[www.nexosperu.com.pe/wp-content/uploads/2018/12/plr04.jpg]
[www.nexosperu.com.pe/wp-content/uploads/2018/12/plr06.jpg]
[www.nexosperu.com.pe/wp-content/uploads/2018/11/producto001.jpg]
[www.nexosperu.com.pe/wp-content/uploads/2018/11/producto02.jpg]
[www.nexosperu.com.pe/wp-content/uploads/2018/11/producto03.jpg]
[www.nexosperu.com.pe/wp-content/uploads/2018/11/producto05.jpg]
[www.nexosperu.com.pe/wp-content/uploads/2018/11/producto04.jpg]
[www.nexosperu.com.pe/wp-content/uploads/2018/11/producto06.jpg]
[www.nexosperu.com.pe/wp-content/uploads/cache/fvm/1581111602/out/footer-188f640f.min.js]
[www.nexosperu.com.pe/productos.html]
[www.nexosperu.com.pe/servicios/index.html]
[www.nexosperu.com.pe/wp-json/oembed/1.0/embedcadd.json]
[www.nexosperu.com.pe/wp-json/oembed/1.0/embed6389]
[www.nexosperu.com.pe/wp-content/uploads/2018/12/fondo-servicios.jpg]
[www.nexosperu.com.pe/servicios.html]
[www.nexosperu.com.pe/wp-content/uploads/2020/04/5..jpg]
[www.nexosperu.com.pe/wp-content/uploads/2020/04/PORTADA-MINDER.png]
[www.nexosperu.com.pe/wp-content/uploads/2020/04/Diseño-sin-título-3.png]
[www.nexosperu.com.pe/wp-content/uploads/2019/10/nexos-gestion-0.jpg]
[www.nexosperu.com.pe/wp-content/uploads/2019/06/dia1-mathias.jpg]
[www.nexosperu.com.pe/wp-content/uploads/2018/12/nota01.jpg]
[www.nexosperu.com.pe/wp-content/uploads/2018/12/nota03.jpg]
[www.nexosperu.com.pe/wp-content/uploads/2018/12/nota02.jpg]
[www.nexosperu.com.pe/tag/casadetodos/index.html]
[www.nexosperu.com.pe/wp-content/uploads/2018/10/nota04.jpg]
[www.nexosperu.com.pe/wp-content/uploads/2018/03/noticia-matias.jpg]
[www.nexosperu.com.pe/tag/covid19/index.html]
[www.nexosperu.com.pe/wp-content/uploads/2017/08/noticia-hchannel2.jpg]
[www.nexosperu.com.pe/wp-content/uploads/cache/fvm/1581111602/out/footer-3b585b3b.min.js]
[www.nexosperu.com.pe/noticias.html]
[www.nexosperu.com.pe/wp-content/uploads/2019/10/adn-de-nexos-peru2.jpg]
[www.nexosperu.com.pe/nexos-peru-alista-su-expansion-internacional/index.html]
[www.nexosperu.com.pe/tag/matias/index.html]
[www.nexosperu.com.pe/wp-content/uploads/2019/10/adn-de-nexos-peru1-1200x600.jpg]
[www.nexosperu.com.pe/matias-o-la-patente-de-un-nuevo-sistema-modular-ecoamigable/index.html]
[www.nexosperu.com.pe/tag/history-channel/index.html]
[www.nexosperu.com.pe/wp-content/uploads/2019/06/daniel-rivera.jpg]
[www.nexosperu.com.pe/tag/nexos/index.html]
[www.nexosperu.com.pe/wp-content/uploads/2018/12/noticia-00a06.jpg]
[www.nexosperu.com.pe/concurso-de-history-channel/index.html]
[www.nexosperu.com.pe/wp-content/uploads/2018/12/noticia-00a05.jpg]
[www.nexosperu.com.pe/blog.html]
[www.nexosperu.com.pe/matias-vivienda-para-atencion-a-desastres/index.html]
[www.nexosperu.com.pe/blog/index.html]
[www.nexosperu.com.pe/innovacion-el-adn-de-nexos-peru/index.html]
[www.nexosperu.com.pe/los-inventores-en-el-peru-si-existen-los-inventos-no/index.html]
[www.nexosperu.com.pe/por-actividades-extractivas-amigables-con-el-medio-ambiente/index.html]
[www.nexosperu.com.pe/campamentos-mineros-pret-a-porter-el-futuro-de-los-sistemas-modulares/index.html]
[www.nexosperu.com.pe/tag/medio-ambiente/index.html]
[www.nexosperu.com.pe/tag/campamentos/index.html]
[www.nexosperu.com.pe/wp-json/oembed/1.0/embed1f22.json]
[www.nexosperu.com.pe/tag/mineros/index.html]
[www.nexosperu.com.pe/tag/sistemas-modulares/index.html]
[www.nexosperu.com.pe/wp-json/oembed/1.0/embed0cd7]
[www.nexosperu.com.pe/wp-content/uploads/2018/12/fondo-noticias-1.jpg]
[www.nexosperu.com.pe/wp-content/uploads/2019/03/VOLCAN.png]
[www.nexosperu.com.pe/wp-content/uploads/2019/09/clientes-ccc2.jpg]
[www.nexosperu.com.pe/wp-content/uploads/2019/09/clientes-conducto2.jpg]
[www.nexosperu.com.pe/wp-content/uploads/2019/09/clientes-aid2.jpg]
[www.nexosperu.com.pe/wp-content/uploads/2018/12/cl12.jpg]
[www.nexosperu.com.pe/wp-content/uploads/2018/12/cl13.jpg]
[www.nexosperu.com.pe/wp-content/uploads/2018/12/cl14.jpg]
[www.nexosperu.com.pe/wp-content/uploads/2018/12/cl16.jpg]
[www.nexosperu.com.pe/wp-content/uploads/2018/12/cl15.jpg]
[www.nexosperu.com.pe/wp-content/uploads/2019/03/PETROTAL.png]
[www.nexosperu.com.pe/wp-content/uploads/2019/03/CHINALCO.png]
[www.nexosperu.com.pe/wp-content/uploads/2019/06/cetemin.jpg]
[www.nexosperu.com.pe/wp-content/uploads/2019/06/haug.jpg]
[www.nexosperu.com.pe/clientes/index.html]
[www.nexosperu.com.pe/wp-json/oembed/1.0/embedec71.json]
[www.nexosperu.com.pe/wp-json/oembed/1.0/embed5cb4]
[www.nexosperu.com.pe/wp-content/uploads/2019/02/favicon.png]
[www.nexosperu.com.pe/wp-content/uploads/2020/04/6.-1.jpg]
[www.nexosperu.com.pe/wp-content/uploads/2020/04/MINDER-NEXOS-1024x676.jpg]
[www.nexosperu.com.pe/wp-content/plugins/ultimate-social-media-icons/images/follow_subscribe.png]
[www.nexosperu.com.pe/wp-content/plugins/ultimate-social-media-icons/images/visit_icons/fbshare_bck.png]
[www.nexosperu.com.pe/nexos-peru-apoya-con-infraestructura-modular-en-contexto-de-covid-19/index.html]
[www.nexosperu.com.pe/author/nexos/index.html]
[www.nexosperu.com.pe/noticias/index.html]
[www.nexosperu.com.pe/author/nexos/page/2/index.html]
[www.nexosperu.com.pe/wp-json/oembed/1.0/embededa1.json]
[www.nexosperu.com.pe/wp-json/oembed/1.0/embedd098]
[www.nexosperu.com.pe/wp-content/uploads/2020/04/Post-Beneficiencia-1.png]
[www.nexosperu.com.pe/wp-content/uploads/2020/04/sisol-1.png]
[www.nexosperu.com.pe/wp-content/uploads/2020/04/91341104_2588625441417900_4084316265575874560_n.jpg]
[www.nexosperu.com.pe/solidaridad-las-redes-que-nos-impulsan/index.html]
[www.nexosperu.com.pe/wp-json/oembed/1.0/embeda614.json]
[www.nexosperu.com.pe/wp-json/oembed/1.0/embed0f92]
[www.nexosperu.com.pe/wp-content/uploads/2019/10/nexos-gestion-1.jpg]
[www.nexosperu.com.pe/wp-content/uploads/2019/10/nexos-gestion-2.jpg]
[www.nexosperu.com.pe/wp-content/uploads/2019/10/Revista-Gestion-20-09-2019.pdf]
[www.nexosperu.com.pe/estandar-ambiental/index.html]
[www.nexosperu.com.pe/wp-json/oembed/1.0/embed8337.json]
[www.nexosperu.com.pe/wp-json/oembed/1.0/embed9263]
[www.nexosperu.com.pe/nexos-peru-supero-los-us12-millones-en-ventas-el-2018/index.html]
[www.nexosperu.com.pe/wp-json/oembed/1.0/embed9c98.json]
[www.nexosperu.com.pe/wp-json/oembed/1.0/embedc3cd]
[www.nexosperu.com.pe/wp-content/uploads/2018/12/noticia-00c04.jpg]
[www.nexosperu.com.pe/innovador-modulo-de-vivienda-es-finalista-en-concurso-de-history-channel/index.html]
[www.nexosperu.com.pe/wp-json/oembed/1.0/embed8fc9.json]
[www.nexosperu.com.pe/wp-json/oembed/1.0/embed5fac]
[www.nexosperu.com.pe/wp-content/uploads/2018/12/noticia-00b03.jpg]
[www.nexosperu.com.pe/compania-que-cuenta-con-el-respaldo-de-mas-de-diez-anos-de-labor-en-el-sector-a-traves-de-la-colocacion-de-numerosos-refugios/index.html]
[connect.facebook.net/en_US/sdk.js]
[www.nexosperu.com.pe/wp-content/plugins/revslider/public/assets/fonts/font-awesome/fonts/fontawesome-webfont3e6e.eot]
[www.nexosperu.com.pe/wp-content/plugins/revslider/public/assets/fonts/font-awesome/fonts/fontawesome-webfontd41d.eot]
[www.nexosperu.com.pe/wp-content/plugins/revslider/public/assets/fonts/font-awesome/fonts/fontawesome-webfont3e6e.woff2]
[www.nexosperu.com.pe/wp-content/plugins/revslider/public/assets/fonts/font-awesome/fonts/fontawesome-webfont3e6e.woff]
[www.nexosperu.com.pe/wp-content/plugins/revslider/public/assets/fonts/font-awesome/fonts/fontawesome-webfont3e6e.ttf]
[www.nexosperu.com.pe/wp-content/plugins/revslider/public/assets/fonts/font-awesome/css/font-awesome.css]
[www.nexosperu.com.pe/wp-content/themes/riwa/images/fancybox/fancybox_sprite.html]
[www.nexosperu.com.pe/productos/index.html]
[www.nexosperu.com.pe/wp-content/uploads/cache/fvm/1581111602/out/header-ec7f6c03.min.css]
[www.nexosperu.com.pe/servicios/index.html]
[www.nexosperu.com.pe/wp-content/uploads/cache/fvm/1581111602/out/header-a71a64d7.min.css]
[www.nexosperu.com.pe/tag/casadetodos/index.html]
[www.nexosperu.com.pe/tag/covid19/index.html]
[www.nexosperu.com.pe/tag/matias/index.html]
[www.nexosperu.com.pe/wp-json/oembed/1.0/embed1c6d.json]
[www.nexosperu.com.pe/wp-json/oembed/1.0/embedfa92]
[www.nexosperu.com.pe/wp-content/uploads/2018/12/noticia-00b01-1.jpg]
[www.nexosperu.com.pe/nexos-peru-alista-su-expansion-internacional/index.html]
[www.nexosperu.com.pe/wp-json/oembed/1.0/embed9e38.json]
[www.nexosperu.com.pe/wp-json/oembed/1.0/embed91b9]
[www.nexosperu.com.pe/wp-content/uploads/2018/12/noticia-00b02.jpg]
[www.nexosperu.com.pe/matias-o-la-patente-de-un-nuevo-sistema-modular-ecoamigable/index.html]
[www.nexosperu.com.pe/tag/nexos/index.html]
[www.nexosperu.com.pe/tag/history-channel/index.html]
[www.nexosperu.com.pe/wp-json/oembed/1.0/embede8db.json]
[www.nexosperu.com.pe/wp-json/oembed/1.0/embed2b31]
[www.nexosperu.com.pe/wp-content/uploads/2018/03/noticia-matias-gr.jpg]
[www.nexosperu.com.pe/matias-vivienda-para-atencion-a-desastres/index.html]
[www.nexosperu.com.pe/wp-json/oembed/1.0/embeda139.json]
[www.nexosperu.com.pe/wp-json/oembed/1.0/embed6312]
[www.nexosperu.com.pe/wp-content/uploads/2018/03/noticia00001.jpg]
[www.nexosperu.com.pe/concurso-de-history-channel/index.html]
[www.nexosperu.com.pe/wp-json/oembed/1.0/embed9a60.json]
[www.nexosperu.com.pe/wp-json/oembed/1.0/embed27c8]
[www.nexosperu.com.pe/wp-content/uploads/2017/04/team02-150x150.jpg]
[www.nexosperu.com.pe/innovacion-el-adn-de-nexos-peru/index.html]
[www.nexosperu.com.pe/blog/index.html]
[www.nexosperu.com.pe/wp-json/oembed/1.0/embed2ca7.json]
[www.nexosperu.com.pe/author/drivera/index.html]
[www.nexosperu.com.pe/wp-json/oembed/1.0/embed7132]
[www.nexosperu.com.pe/los-inventores-en-el-peru-si-existen-los-inventos-no/index.html]
[www.nexosperu.com.pe/wp-json/oembed/1.0/embed09ff.json]
[www.nexosperu.com.pe/wp-json/oembed/1.0/embedbd23]
[www.nexosperu.com.pe/wp-content/uploads/2018/12/noticia-00c06.jpg]
[www.nexosperu.com.pe/por-actividades-extractivas-amigables-con-el-medio-ambiente/index.html]
[www.nexosperu.com.pe/tag/medio-ambiente/index.html]
[www.nexosperu.com.pe/wp-json/oembed/1.0/embeda4f6.json]
[www.nexosperu.com.pe/wp-json/oembed/1.0/embede6b4]
[www.nexosperu.com.pe/wp-content/uploads/2018/12/noticia-00c05.jpg]
[www.nexosperu.com.pe/campamentos-mineros-pret-a-porter-el-futuro-de-los-sistemas-modulares/index.html]
[www.nexosperu.com.pe/tag/campamentos/index.html]
[www.nexosperu.com.pe/tag/mineros/index.html]
[www.nexosperu.com.pe/tag/sistemas-modulares/index.html]
[www.nexosperu.com.pe/xmlrpc.php]
[www.nexosperu.com.pe/wp-content/plugins/ultimate-social-media-icons/images/visit_icons/en_US_Tweet.svg]
[www.nexosperu.com.pe/wp-content/plugins/ultimate-social-media-icons/images/share_icons/Pinterest_Save/en_US_save.svg]
[www.nexosperu.com.pe/author/nexos/page/2/index.html]
[www.nexosperu.com.pe/wp-content/plugins/revslider/public/assets/fonts/font-awesome/fonts/fontawesome-webfont3e6e.svg]
[www.nexosperu.com.pe/author/drivera/index.html]
